生成启动时间为 2017/4/22 星期六 9:39:36。
     1>项目“E:\项目工程\meanshift\meanshift\meanshift.vcxproj”在节点 2 上(Build 个目标)。
     1>ClCompile:
         D:\Program Files (x86)\VC\bin\CL.exe /c /ZI /nologo /W3 /WX- /sdl /Od /Oy- /D WIN32 /D _DEBUG /D _CONSOLE /D _LIB /D _UNICODE /D UNICODE /Gm /EHsc /RTC1 /MDd /GS /fp:precise /Zc:wchar_t /Zc:forScope /Yu"stdafx.h" /Fp"Debug\meanshift.pch" /Fo"Debug\\" /Fd"Debug\vc120.pdb" /Gd /TP /analyze- /errorReport:prompt meanshift.cpp
         meanshift.cpp
     1>e:\opencvcv3\opencv\build\include\opencv2\core\mat.hpp(1965): warning C4819: 该文件包含不能在当前代码页(936)中表示的字符。请将该文件保存为 Unicode 格式以防止数据丢失
     1>e:\opencvcv3\opencv\build\include\opencv2\core\persistence.hpp : warning C4819: 该文件包含不能在当前代码页(936)中表示的字符。请将该文件保存为 Unicode 格式以防止数据丢失
     1>e:\opencvcv3\opencv\build\include\opencv2\core\utility.hpp : warning C4819: 该文件包含不能在当前代码页(936)中表示的字符。请将该文件保存为 Unicode 格式以防止数据丢失
     1>e:\项目工程\meanshift\meanshift\meanshift.cpp(98): warning C4244: “=”: 从“double”转换到“int”，可能丢失数据
     1>e:\项目工程\meanshift\meanshift\meanshift.cpp(100): warning C4244: “=”: 从“double”转换到“int”，可能丢失数据
     1>e:\项目工程\meanshift\meanshift\meanshift.cpp(101): warning C4244: “=”: 从“double”转换到“int”，可能丢失数据
     1>e:\项目工程\meanshift\meanshift\meanshift.cpp(175): warning C4244: “=”: 从“double”转换到“int”，可能丢失数据
     1>e:\项目工程\meanshift\meanshift\meanshift.cpp(177): warning C4244: “=”: 从“double”转换到“int”，可能丢失数据
     1>e:\项目工程\meanshift\meanshift\meanshift.cpp(178): warning C4244: “=”: 从“double”转换到“int”，可能丢失数据
     1>e:\项目工程\meanshift\meanshift\meanshift.cpp(213): warning C4244: “+=”: 从“double”转换到“int”，可能丢失数据
     1>e:\项目工程\meanshift\meanshift\meanshift.cpp(214): warning C4244: “+=”: 从“double”转换到“int”，可能丢失数据
     1>e:\项目工程\meanshift\meanshift\meanshift.cpp(263): warning C4101: “res”: 未引用的局部变量
       Link:
         D:\Program Files (x86)\VC\bin\link.exe /ERRORREPORT:PROMPT /OUT:"E:\项目工程\meanshift\Debug\meanshift.exe" /INCREMENTAL /NOLOGO /LIBPATH:E:\OpencvCV3\opencv\build\x86\vc12\lib opencv_ts300d.lib opencv_world300d.lib opencv_ts300.lib opencv_world300.lib kernel32.lib user32.lib gdi32.lib winspool.lib comdlg32.lib advapi32.lib shell32.lib ole32.lib oleaut32.lib uuid.lib odbc32.lib odbccp32.lib /MANIFEST /MANIFESTUAC:"level='asInvoker' uiAccess='false'" /manifest:embed /DEBUG /PDB:"E:\项目工程\meanshift\Debug\meanshift.pdb" /SUBSYSTEM:CONSOLE /TLBID:1 /DYNAMICBASE /NXCOMPAT /IMPLIB:"E:\项目工程\meanshift\Debug\meanshift.lib" /MACHINE:X86 Debug\meanshift.obj
         Debug\stdafx.obj
         meanshift.vcxproj -> E:\项目工程\meanshift\Debug\meanshift.exe
     1>已完成生成项目“E:\项目工程\meanshift\meanshift\meanshift.vcxproj”(Build 个目标)的操作。

生成成功。

已用时间 00:00:02.59
